# JRE version: Java(TM) SE Runtime Environment (8.0_112-b15) (build 1.8.0_112-b15)
# Java VM: Java HotSpot(TM) 64-Bit Server VM (25.112-b15 mixed mode windows-amd64 compressed oops)
Heap:
 PSYoungGen      total 52224K, used 25941K [0x00000007bc400000, 0x00000007c0000000, 0x00000007c0000000)
  eden space 42496K, 57% used [0x00000007bc400000,0x00000007bdc06660,0x00000007bed80000)
  from space 9728K, 13% used [0x00000007bf680000,0x00000007bf7cef70,0x00000007c0000000)
  to   space 9216K, 0% used [0x00000007bed80000,0x00000007bed80000,0x00000007bf680000)
 ParOldGen       total 160256K, used 119329K [0x0000000700000000, 0x0000000709c80000, 0x00000007bc400000)
  object space 160256K, 74% used [0x0000000700000000,0x00000007074885b8,0x0000000709c80000)
 Metaspace       used 81039K, capacity 81929K, committed 82480K, reserved 1120256K
  class space    used 11835K, capacity 12013K, committed 12080K, reserved 1048576K
GC Heap History (10 events):
Event: 5683.313 GC heap before
{Heap before GC invocations=541 (full 11):
 PSYoungGen      total 49152K, used 38299K [0x00000007bc400000, 0x00000007c0000000, 0x00000007c0000000)
  eden space 36864K, 100% used [0x00000007bc400000,0x00000007be800000,0x00000007be800000)
  from space 12288K, 11% used [0x00000007be800000,0x00000007be966f70,0x00000007bf400000)
  to   space 11776K, 0% used [0x00000007bf480000,0x00000007bf480000,0x00000007c0000000)
 ParOldGen       total 160256K, used 119209K [0x0000000700000000, 0x0000000709c80000, 0x00000007bc400000)
  object space 160256K, 74% used [0x0000000700000000,0x000000070746a5a8,0x0000000709c80000)
 Metaspace       used 81033K, capacity 81923K, committed 82480K, reserved 1120256K
  class space    used 11834K, capacity 12012K, committed 12080K, reserved 1048576K
Event: 5683.323 GC heap after
Heap after GC invocations=541 (full 11):
 PSYoungGen      total 50176K, used 1403K [0x00000007bc400000, 0x00000007c0000000, 0x00000007c0000000)
  eden space 38400K, 0% used [0x00000007bc400000,0x00000007bc400000,0x00000007be980000)
  from space 11776K, 11% used [0x00000007bf480000,0x00000007bf5def70,0x00000007c0000000)
  to   space 11264K, 0% used [0x00000007be980000,0x00000007be980000,0x00000007bf480000)
 ParOldGen       total 160256K, used 119209K [0x0000000700000000, 0x0000000709c80000, 0x00000007bc400000)
  object space 160256K, 74% used [0x0000000700000000,0x000000070746a5a8,0x0000000709c80000)
 Metaspace       used 81033K, capacity 81923K, committed 82480K, reserved 1120256K
  class space    used 11834K, capacity 12012K, committed 12080K, reserved 1048576K
}
Event: 5716.965 GC heap before
{Heap before GC invocations=542 (full 11):
 PSYoungGen      total 50176K, used 39803K [0x00000007bc400000, 0x00000007c0000000, 0x00000007c0000000)
  eden space 38400K, 100% used [0x00000007bc400000,0x00000007be980000,0x00000007be980000)
  from space 11776K, 11% used [0x00000007bf480000,0x00000007bf5def70,0x00000007c0000000)
  to   space 11264K, 0% used [0x00000007be980000,0x00000007be980000,0x00000007bf480000)
 ParOldGen       total 160256K, used 119209K [0x0000000700000000, 0x0000000709c80000, 0x00000007bc400000)
  object space 160256K, 74% used [0x0000000700000000,0x000000070746a5a8,0x0000000709c80000)
 Metaspace       used 81035K, capacity 81929K, committed 82480K, reserved 1120256K
  class space    used 11834K, capacity 12013K, committed 12080K, reserved 1048576K
Event: 5716.972 GC heap after
Heap after GC invocations=542 (full 11):
 PSYoungGen      total 49664K, used 1403K [0x00000007bc400000, 0x00000007c0000000, 0x00000007c0000000)
  eden space 38400K, 0% used [0x00000007bc400000,0x00000007bc400000,0x00000007be980000)
  from space 11264K, 12% used [0x00000007be980000,0x00000007beadef70,0x00000007bf480000)
  to   space 10752K, 0% used [0x00000007bf580000,0x00000007bf580000,0x00000007c0000000)
 ParOldGen       total 160256K, used 119209K [0x0000000700000000, 0x0000000709c80000, 0x00000007bc400000)
  object space 160256K, 74% used [0x0000000700000000,0x000000070746a5a8,0x0000000709c80000)
 Metaspace       used 81035K, capacity 81929K, committed 82480K, reserved 1120256K
  class space    used 11834K, capacity 12013K, committed 12080K, reserved 1048576K
}
Event: 5752.142 GC heap before
{Heap before GC invocations=543 (full 11):
 PSYoungGen      total 49664K, used 39803K [0x00000007bc400000, 0x00000007c0000000, 0x00000007c0000000)
  eden space 38400K, 100% used [0x00000007bc400000,0x00000007be980000,0x00000007be980000)
  from space 11264K, 12% used [0x00000007be980000,0x00000007beadef70,0x00000007bf480000)
  to   space 10752K, 0% used [0x00000007bf580000,0x00000007bf580000,0x00000007c0000000)
 ParOldGen       total 160256K, used 119209K [0x0000000700000000, 0x0000000709c80000, 0x00000007bc400000)
  object space 160256K, 74% used [0x0000000700000000,0x000000070746a5a8,0x0000000709c80000)
 Metaspace       used 81035K, capacity 81929K, committed 82480K, reserved 1120256K
  class space    used 11834K, capacity 12013K, committed 12080K, reserved 1048576K
Event: 5752.150 GC heap after
Heap after GC invocations=543 (full 11):
 PSYoungGen      total 51200K, used 1467K [0x00000007bc400000, 0x00000007c0000000, 0x00000007c0000000)
  eden space 40448K, 0% used [0x00000007bc400000,0x00000007bc400000,0x00000007beb80000)
  from space 10752K, 13% used [0x00000007bf580000,0x00000007bf6eef70,0x00000007c0000000)
  to   space 10240K, 0% used [0x00000007beb80000,0x00000007beb80000,0x00000007bf580000)
 ParOldGen       total 160256K, used 119209K [0x0000000700000000, 0x0000000709c80000, 0x00000007bc400000)
  object space 160256K, 74% used [0x0000000700000000,0x000000070746a5a8,0x0000000709c80000)
 Metaspace       used 81035K, capacity 81929K, committed 82480K, reserved 1120256K
  class space    used 11834K, capacity 12013K, committed 12080K, reserved 1048576K
}
Event: 5789.391 GC heap before
{Heap before GC invocations=544 (full 11):
 PSYoungGen      total 51200K, used 41915K [0x00000007bc400000, 0x00000007c0000000, 0x00000007c0000000)
  eden space 40448K, 100% used [0x00000007bc400000,0x00000007beb80000,0x00000007beb80000)
  from space 10752K, 13% used [0x00000007bf580000,0x00000007bf6eef70,0x00000007c0000000)
  to   space 10240K, 0% used [0x00000007beb80000,0x00000007beb80000,0x00000007bf580000)
 ParOldGen       total 160256K, used 119209K [0x0000000700000000, 0x0000000709c80000, 0x00000007bc400000)
  object space 160256K, 74% used [0x0000000700000000,0x000000070746a5a8,0x0000000709c80000)
 Metaspace       used 81035K, capacity 81929K, committed 82480K, reserved 1120256K
  class space    used 11834K, capacity 12013K, committed 12080K, reserved 1048576K
Event: 5789.401 GC heap after
Heap after GC invocations=544 (full 11):
 PSYoungGen      total 50688K, used 1371K [0x00000007bc400000, 0x00000007c0000000, 0x00000007c0000000)
  eden space 40448K, 0% used [0x00000007bc400000,0x00000007bc400000,0x00000007beb80000)
  from space 10240K, 13% used [0x00000007beb80000,0x00000007becd6f70,0x00000007bf580000)
  to   space 9728K, 0% used [0x00000007bf680000,0x00000007bf680000,0x00000007c0000000)
 ParOldGen       total 160256K, used 119289K [0x0000000700000000, 0x0000000709c80000, 0x00000007bc400000)
  object space 160256K, 74% used [0x0000000700000000,0x000000070747e5b8,0x0000000709c80000)
 Metaspace       used 81035K, capacity 81929K, committed 82480K, reserved 1120256K
  class space    used 11834K, capacity 12013K, committed 12080K, reserved 1048576K
}
Event: 5794.223 GC heap before
{Heap before GC invocations=545 (full 11):
 PSYoungGen      total 50688K, used 41819K [0x00000007bc400000, 0x00000007c0000000, 0x00000007c0000000)
  eden space 40448K, 100% used [0x00000007bc400000,0x00000007beb80000,0x00000007beb80000)
  from space 10240K, 13% used [0x00000007beb80000,0x00000007becd6f70,0x00000007bf580000)
  to   space 9728K, 0% used [0x00000007bf680000,0x00000007bf680000,0x00000007c0000000)
 ParOldGen       total 160256K, used 119289K [0x0000000700000000, 0x0000000709c80000, 0x00000007bc400000)
  object space 160256K, 74% used [0x0000000700000000,0x000000070747e5b8,0x0000000709c80000)
 Metaspace       used 81038K, capacity 81929K, committed 82480K, reserved 1120256K
  class space    used 11835K, capacity 12013K, committed 12080K, reserved 1048576K
Event: 5794.231 GC heap after
Heap after GC invocations=545 (full 11):
 PSYoungGen      total 52224K, used 1339K [0x00000007bc400000, 0x00000007c0000000, 0x00000007c0000000)
  eden space 42496K, 0% used [0x00000007bc400000,0x00000007bc400000,0x00000007bed80000)
  from space 9728K, 13% used [0x00000007bf680000,0x00000007bf7cef70,0x00000007c0000000)
  to   space 9216K, 0% used [0x00000007bed80000,0x00000007bed80000,0x00000007bf680000)
 ParOldGen       total 160256K, used 119329K [0x0000000700000000, 0x0000000709c80000, 0x00000007bc400000)
  object space 160256K, 74% used [0x0000000700000000,0x00000007074885b8,0x0000000709c80000)
 Metaspace       used 81038K, capacity 81929K, committed 82480K, reserved 1120256K
  class space    used 11835K, capacity 12013K, committed 12080K, reserved 1048576K
}

