# JRE version: Java(TM) SE Runtime Environment (8.0_112-b15) (build 1.8.0_112-b15)
# Java VM: Java HotSpot(TM) 64-Bit Server VM (25.112-b15 mixed mode windows-amd64 compressed oops)
Heap:
 PSYoungGen      total 58880K, used 56679K [0x00000007bc400000, 0x00000007c0000000, 0x00000007c0000000)
  eden space 56832K, 97% used [0x00000007bc400000,0x00000007bf9f5e38,0x00000007bfb80000)
  from space 2048K, 69% used [0x00000007bfb80000,0x00000007bfce4010,0x00000007bfd80000)
  to   space 2560K, 0% used [0x00000007bfd80000,0x00000007bfd80000,0x00000007c0000000)
 ParOldGen       total 243200K, used 77487K [0x0000000700000000, 0x000000070ed80000, 0x00000007bc400000)
  object space 243200K, 31% used [0x0000000700000000,0x0000000704babd28,0x000000070ed80000)
 Metaspace       used 77299K, capacity 78089K, committed 78640K, reserved 1116160K
  class space    used 11058K, capacity 11201K, committed 11312K, reserved 1048576K
GC Heap History (10 events):
Event: 5221.228 GC heap before
{Heap before GC invocations=531 (full 10):
 PSYoungGen      total 58880K, used 55808K [0x00000007bc400000, 0x00000007c0000000, 0x00000007c0000000)
  eden space 55808K, 100% used [0x00000007bc400000,0x00000007bfa80000,0x00000007bfa80000)
  from space 3072K, 0% used [0x00000007bfd00000,0x00000007bfd00000,0x00000007c0000000)
  to   space 2560K, 0% used [0x00000007bfa80000,0x00000007bfa80000,0x00000007bfd00000)
 ParOldGen       total 243200K, used 77487K [0x0000000700000000, 0x000000070ed80000, 0x00000007bc400000)
  object space 243200K, 31% used [0x0000000700000000,0x0000000704babd28,0x000000070ed80000)
 Metaspace       used 77185K, capacity 77955K, committed 78384K, reserved 1116160K
  class space    used 11043K, capacity 11200K, committed 11312K, reserved 1048576K
Event: 5221.235 GC heap after
Heap after GC invocations=531 (full 10):
 PSYoungGen      total 58368K, used 416K [0x00000007bc400000, 0x00000007c0000000, 0x00000007c0000000)
  eden space 55808K, 0% used [0x00000007bc400000,0x00000007bc400000,0x00000007bfa80000)
  from space 2560K, 16% used [0x00000007bfa80000,0x00000007bfae8000,0x00000007bfd00000)
  to   space 2560K, 0% used [0x00000007bfd80000,0x00000007bfd80000,0x00000007c0000000)
 ParOldGen       total 243200K, used 77487K [0x0000000700000000, 0x000000070ed80000, 0x00000007bc400000)
  object space 243200K, 31% used [0x0000000700000000,0x0000000704babd28,0x000000070ed80000)
 Metaspace       used 77185K, capacity 77955K, committed 78384K, reserved 1116160K
  class space    used 11043K, capacity 11200K, committed 11312K, reserved 1048576K
}
Event: 5285.339 GC heap before
{Heap before GC invocations=532 (full 10):
 PSYoungGen      total 58368K, used 56224K [0x00000007bc400000, 0x00000007c0000000, 0x00000007c0000000)
  eden space 55808K, 100% used [0x00000007bc400000,0x00000007bfa80000,0x00000007bfa80000)
  from space 2560K, 16% used [0x00000007bfa80000,0x00000007bfae8000,0x00000007bfd00000)
  to   space 2560K, 0% used [0x00000007bfd80000,0x00000007bfd80000,0x00000007c0000000)
 ParOldGen       total 243200K, used 77487K [0x0000000700000000, 0x000000070ed80000, 0x00000007bc400000)
  object space 243200K, 31% used [0x0000000700000000,0x0000000704babd28,0x000000070ed80000)
 Metaspace       used 77190K, capacity 77961K, committed 78384K, reserved 1116160K
  class space    used 11043K, capacity 11201K, committed 11312K, reserved 1048576K
Event: 5285.348 GC heap after
Heap after GC invocations=532 (full 10):
 PSYoungGen      total 58880K, used 608K [0x00000007bc400000, 0x00000007c0000000, 0x00000007c0000000)
  eden space 56320K, 0% used [0x00000007bc400000,0x00000007bc400000,0x00000007bfb00000)
  from space 2560K, 23% used [0x00000007bfd80000,0x00000007bfe18000,0x00000007c0000000)
  to   space 2560K, 0% used [0x00000007bfb00000,0x00000007bfb00000,0x00000007bfd80000)
 ParOldGen       total 243200K, used 77487K [0x0000000700000000, 0x000000070ed80000, 0x00000007bc400000)
  object space 243200K, 31% used [0x0000000700000000,0x0000000704babd28,0x000000070ed80000)
 Metaspace       used 77190K, capacity 77961K, committed 78384K, reserved 1116160K
  class space    used 11043K, capacity 11201K, committed 11312K, reserved 1048576K
}
Event: 5353.242 GC heap before
{Heap before GC invocations=533 (full 10):
 PSYoungGen      total 58880K, used 56928K [0x00000007bc400000, 0x00000007c0000000, 0x00000007c0000000)
  eden space 56320K, 100% used [0x00000007bc400000,0x00000007bfb00000,0x00000007bfb00000)
  from space 2560K, 23% used [0x00000007bfd80000,0x00000007bfe18000,0x00000007c0000000)
  to   space 2560K, 0% used [0x00000007bfb00000,0x00000007bfb00000,0x00000007bfd80000)
 ParOldGen       total 243200K, used 77487K [0x0000000700000000, 0x000000070ed80000, 0x00000007bc400000)
  object space 243200K, 31% used [0x0000000700000000,0x0000000704babd28,0x000000070ed80000)
 Metaspace       used 77190K, capacity 77961K, committed 78384K, reserved 1116160K
  class space    used 11043K, capacity 11201K, committed 11312K, reserved 1048576K
Event: 5353.250 GC heap after
Heap after GC invocations=533 (full 10):
 PSYoungGen      total 58880K, used 576K [0x00000007bc400000, 0x00000007c0000000, 0x00000007c0000000)
  eden space 56320K, 0% used [0x00000007bc400000,0x00000007bc400000,0x00000007bfb00000)
  from space 2560K, 22% used [0x00000007bfb00000,0x00000007bfb90000,0x00000007bfd80000)
  to   space 2560K, 0% used [0x00000007bfd80000,0x00000007bfd80000,0x00000007c0000000)
 ParOldGen       total 243200K, used 77487K [0x0000000700000000, 0x000000070ed80000, 0x00000007bc400000)
  object space 243200K, 31% used [0x0000000700000000,0x0000000704babd28,0x000000070ed80000)
 Metaspace       used 77190K, capacity 77961K, committed 78384K, reserved 1116160K
  class space    used 11043K, capacity 11201K, committed 11312K, reserved 1048576K
}
Event: 5406.142 GC heap before
{Heap before GC invocations=534 (full 10):
 PSYoungGen      total 58880K, used 56896K [0x00000007bc400000, 0x00000007c0000000, 0x00000007c0000000)
  eden space 56320K, 100% used [0x00000007bc400000,0x00000007bfb00000,0x00000007bfb00000)
  from space 2560K, 22% used [0x00000007bfb00000,0x00000007bfb90000,0x00000007bfd80000)
  to   space 2560K, 0% used [0x00000007bfd80000,0x00000007bfd80000,0x00000007c0000000)
 ParOldGen       total 243200K, used 77487K [0x0000000700000000, 0x000000070ed80000, 0x00000007bc400000)
  object space 243200K, 31% used [0x0000000700000000,0x0000000704babd28,0x000000070ed80000)
 Metaspace       used 77192K, capacity 77961K, committed 78384K, reserved 1116160K
  class space    used 11044K, capacity 11201K, committed 11312K, reserved 1048576K
Event: 5406.147 GC heap after
Heap after GC invocations=534 (full 10):
 PSYoungGen      total 59392K, used 640K [0x00000007bc400000, 0x00000007c0000000, 0x00000007c0000000)
  eden space 56832K, 0% used [0x00000007bc400000,0x00000007bc400000,0x00000007bfb80000)
  from space 2560K, 25% used [0x00000007bfd80000,0x00000007bfe20000,0x00000007c0000000)
  to   space 2048K, 0% used [0x00000007bfb80000,0x00000007bfb80000,0x00000007bfd80000)
 ParOldGen       total 243200K, used 77487K [0x0000000700000000, 0x000000070ed80000, 0x00000007bc400000)
  object space 243200K, 31% used [0x0000000700000000,0x0000000704babd28,0x000000070ed80000)
 Metaspace       used 77192K, capacity 77961K, committed 78384K, reserved 1116160K
  class space    used 11044K, capacity 11201K, committed 11312K, reserved 1048576K
}
Event: 5409.483 GC heap before
{Heap before GC invocations=535 (full 10):
 PSYoungGen      total 59392K, used 57472K [0x00000007bc400000, 0x00000007c0000000, 0x00000007c0000000)
  eden space 56832K, 100% used [0x00000007bc400000,0x00000007bfb80000,0x00000007bfb80000)
  from space 2560K, 25% used [0x00000007bfd80000,0x00000007bfe20000,0x00000007c0000000)
  to   space 2048K, 0% used [0x00000007bfb80000,0x00000007bfb80000,0x00000007bfd80000)
 ParOldGen       total 243200K, used 77487K [0x0000000700000000, 0x000000070ed80000, 0x00000007bc400000)
  object space 243200K, 31% used [0x0000000700000000,0x0000000704babd28,0x000000070ed80000)
 Metaspace       used 77210K, capacity 77961K, committed 78384K, reserved 1116160K
  class space    used 11044K, capacity 11201K, committed 11312K, reserved 1048576K
Event: 5409.491 GC heap after
Heap after GC invocations=535 (full 10):
 PSYoungGen      total 58880K, used 1424K [0x00000007bc400000, 0x00000007c0000000, 0x00000007c0000000)
  eden space 56832K, 0% used [0x00000007bc400000,0x00000007bc400000,0x00000007bfb80000)
  from space 2048K, 69% used [0x00000007bfb80000,0x00000007bfce4010,0x00000007bfd80000)
  to   space 2560K, 0% used [0x00000007bfd80000,0x00000007bfd80000,0x00000007c0000000)
 ParOldGen       total 243200K, used 77487K [0x0000000700000000, 0x000000070ed80000, 0x00000007bc400000)
  object space 243200K, 31% used [0x0000000700000000,0x0000000704babd28,0x000000070ed80000)
 Metaspace       used 77210K, capacity 77961K, committed 78384K, reserved 1116160K
  class space    used 11044K, capacity 11201K, committed 11312K, reserved 1048576K
}

